C51 COMPILER V9.01   LED_DISPLAY                                                           09/29/2020 10:10:02 PAGE 1   


C51 COMPILER V9.01, COMPILATION OF MODULE LED_DISPLAY
OBJECT MODULE PLACED IN .\list\led_display.obj
COMPILER INVOKED BY: C:\Keil\C51\BIN\C51.EXE LED_Display\led_display.c BROWSE INCDIR(.\delay;.\GPIO;.\Timer;.\LED_Displa
                    -y) DEBUG OBJECTEXTEND PRINT(.\list\led_display.lst) OBJECT(.\list\led_display.obj)

line level    source

   1          #include "led_display.h"
   2          #include "delay.h"
   3          #include "string.h"
   4          
   5          
   6          
   7          static void delay(void)
   8          {
   9   1              unsigned char i = 250;
  10   1              
  11   1              while(i--)
  12   1              {
  13   2                      ;
  14   2              }
  15   1      }
  16          
  17          void Display_16_16(unsigned char *str)
  18          {
  19   1              unsigned char i, m;
  20   1              
  21   1              //上半屏
  22   1              for(m=0; m<8; m++)
  23   1              {
  24   2                      //送入列数据
  25   2                      for(i=0; i<16; i++)
  26   2                      {
  27   3                              if(str[15 - i] & (0x01 << m))
  28   3                              {
  29   4                                      S_DATA = 0;
  30   4                              }
  31   3                              else
  32   3                              {
  33   4                                      S_DATA = 1;
  34   4                              }
  35   3                              
  36   3                              S_CLK = 0;
  37   3                              S_CLK = 1;
  38   3                      }
  39   2                      S_LSTB = 1;
  40   2                      S_LSTB = 0;
  41   2                      
  42   2                      //开起行是能
  43   2                      for(i=0; i<16; i++)
  44   2                      {
  45   3                              if((0x0001 << m) & (0x0001 << i))
  46   3                              {
  47   4                                      S_DATA = 0;
  48   4                              }
  49   3                              else
  50   3                              {
  51   4                                      S_DATA = 1;
  52   4                              }
  53   3                              
  54   3                              S_CLK = 0;
C51 COMPILER V9.01   LED_DISPLAY                                                           09/29/2020 10:10:02 PAGE 2   

  55   3                              S_CLK = 1;
  56   3                      }
  57   2                      S_HSTB = 1;
  58   2                      S_HSTB = 0;
  59   2                      
  60   2                      delay();
  61   2                      delay();
  62   2                      delay();
  63   2                      delay();
  64   2                      
  65   2                      //消隐
  66   2                      S_DATA = 1;
  67   2                      for(i=0; i<16; i++)
  68   2                      {
  69   3                              S_CLK = 0;
  70   3                              S_CLK = 1;
  71   3                      }
  72   2                      S_HSTB = 1;
  73   2                      S_HSTB = 0;
  74   2              }
  75   1              
  76   1              //下半屏
  77   1              for(m=0; m<8; m++)
  78   1              {
  79   2                      //送入列数据
  80   2                      for(i=0; i<16; i++)
  81   2                      {
  82   3                              if(str[15 - i + 16] & (0x01 << m))
  83   3                              {
  84   4                                      S_DATA = 0;
  85   4                              }
  86   3                              else
  87   3                              {
  88   4                                      S_DATA = 1;
  89   4                              }
  90   3                              
  91   3                              S_CLK = 0;
  92   3                              S_CLK = 1;
  93   3                      }
  94   2                      S_LSTB = 1;
  95   2                      S_LSTB = 0;
  96   2                      
  97   2                      //开起行是能
  98   2                      for(i=0; i<16; i++)
  99   2                      {
 100   3                              if((0x0100 << m) & (0x0001 << i))
 101   3                              {
 102   4                                      S_DATA = 0;
 103   4                              }
 104   3                              else
 105   3                              {
 106   4                                      S_DATA = 1;
 107   4                              }
 108   3                              
 109   3                              S_CLK = 0;
 110   3                              S_CLK = 1;
 111   3                      }
 112   2                      S_HSTB = 1;
 113   2                      S_HSTB = 0;
 114   2                      
 115   2                      delay();
 116   2                      delay();
C51 COMPILER V9.01   LED_DISPLAY                                                           09/29/2020 10:10:02 PAGE 3   

 117   2                      delay();
 118   2                      delay();
 119   2                      
 120   2                      //消隐
 121   2                      S_DATA = 1;
 122   2                      for(i=0; i<16; i++)
 123   2                      {
 124   3                              S_CLK = 0;
 125   3                              S_CLK = 1;
 126   3                      }
 127   2                      S_HSTB = 1;
 128   2                      S_HSTB = 0;
 129   2              }
 130   1      }
 131          
 132          void L_Display(unsigned char str[][16], unsigned char speed, unsigned char cnt)
 133          {
 134   1              unsigned char temp[32];
 135   1              unsigned char j, offset;
 136   1              unsigned char speed_cnt;
 137   1              
 138   1              for(j=0; j<cnt; j++)
 139   1              {
 140   2                      offset = 2 * j;
 141   2              
 142   2                              memcpy(&temp[0], &str[offset][0], 16);
 143   2                              
 144   2                              memcpy(&temp[16], &str[offset + 1][0], 16);
 145   2                              
 146   2                              speed_cnt = speed;
 147   2                              while(speed_cnt--)
 148   2                              {
 149   3                                      Display_16_16(temp);
 150   3                              }
 151   2              }
 152   1              
 153   1              speed_cnt = speed * 10;
 154   1              while(speed_cnt--)
 155   1              {
 156   2                      Display_16_16(temp);
 157   2              }
 158   1      }
 159          


MODULE INFORMATION:   STATIC OVERLAYABLE
   CODE SIZE        =    495    ----
   CONSTANT SIZE    =   ----    ----
   XDATA SIZE       =   ----    ----
   PDATA SIZE       =   ----    ----
   DATA SIZE        =   ----      42
   IDATA SIZE       =   ----    ----
   BIT SIZE         =   ----    ----
END OF MODULE INFORMATION.


C51 COMPILATION COMPLETE.  0 WARNING(S),  0 ERROR(S)
